#-----------------------------------------------------------
# Vivado v2019.1 (64-bit)
# SW Build 2552052 on Fri May 24 14:49:42 MDT 2019
# IP Build 2548770 on Fri May 24 18:01:18 MDT 2019
# Start of session at: Fri Sep 30 14:13:03 2022
# Process ID: 7016
# Current directory: C:/Users/isufi/project_1
# Command line: vivado.exe -gui_launcher_event rodinguilauncherevent1952 C:\Users\isufi\project_1\project_1.xpr
# Log file: C:/Users/isufi/project_1/vivado.log
# Journal file: C:/Users/isufi/project_1\vivado.jou
#-----------------------------------------------------------
start_gui
open_project C:/Users/isufi/project_1/project_1.xpr
Scanning sources...
Finished scanning sources
INFO: [IP_Flow 19-234] Refreshing IP repositories
INFO: [IP_Flow 19-1704] No user IP repositories specified
INFO: [IP_Flow 19-2313] Loaded Vivado IP repository 'C:/Xilinx/Vivado/2019.1/data/ip'.
open_project: Time (s): cpu = 00:00:13 ; elapsed = 00:00:06 . Memory (MB): peak = 831.695 ; gain = 175.965
update_compile_order -fileset sources_1
exit
INFO: [Common 17-206] Exiting Vivado at Fri Sep 30 14:13:28 2022...
